app/(alumno)/_layout.tsx(29,64): error TS2322: Type '{ size: number; color: string; }' is not assignable to type 'IntrinsicAttributes & LucideProps'.
  Property 'color' does not exist on type 'IntrinsicAttributes & LucideProps'.
app/(alumno)/_layout.tsx(36,66): error TS2322: Type '{ size: number; color: string; }' is not assignable to type 'IntrinsicAttributes & LucideProps'.
  Property 'color' does not exist on type 'IntrinsicAttributes & LucideProps'.
app/(alumno)/_layout.tsx(44,47): error TS2322: Type '{ size: number; color: string; strokeWidth: number; }' is not assignable to type 'IntrinsicAttributes & LucideProps'.
  Property 'color' does not exist on type 'IntrinsicAttributes & LucideProps'.
app/(alumno)/_layout.tsx(52,64): error TS2322: Type '{ size: number; color: string; }' is not assignable to type 'IntrinsicAttributes & LucideProps'.
  Property 'color' does not exist on type 'IntrinsicAttributes & LucideProps'.
app/(alumno)/_layout.tsx(59,64): error TS2322: Type '{ size: number; color: string; }' is not assignable to type 'IntrinsicAttributes & LucideProps'.
  Property 'color' does not exist on type 'IntrinsicAttributes & LucideProps'.
app/(alumno)/notificaciones.tsx(55,45): error TS2322: Type '{ size: number; color: string; fill: string; }' is not assignable to type 'IntrinsicAttributes & LucideProps'.
  Property 'color' does not exist on type 'IntrinsicAttributes & LucideProps'.
app/(alumno)/notificaciones.tsx(66,61): error TS2322: Type '{ key: number; size: number; color: string; fill: string; }' is not assignable to type 'IntrinsicAttributes & LucideProps'.
  Property 'color' does not exist on type 'IntrinsicAttributes & LucideProps'.
app/(alumno)/notificaciones.tsx(80,41): error TS2322: Type '{ size: number; className: string; }' is not assignable to type 'IntrinsicAttributes & LucideProps'.
  Property 'className' does not exist on type 'IntrinsicAttributes & LucideProps'.
app/(alumno)/perfil.tsx(81,47): error TS2322: Type '{ size: number; color: string; }' is not assignable to type 'IntrinsicAttributes & LucideProps'.
  Property 'color' does not exist on type 'IntrinsicAttributes & LucideProps'.
app/(alumno)/perfil.tsx(98,49): error TS2322: Type '{ size: number; color: string; }' is not assignable to type 'IntrinsicAttributes & LucideProps'.
  Property 'color' does not exist on type 'IntrinsicAttributes & LucideProps'.
app/(alumno)/perfil.tsx(112,51): error TS2322: Type '{ size: number; className: string; }' is not assignable to type 'IntrinsicAttributes & LucideProps'.
  Property 'className' does not exist on type 'IntrinsicAttributes & LucideProps'.
app/(alumno)/perfil.tsx(133,67): error TS2322: Type '{ size: number; className: string; }' is not assignable to type 'IntrinsicAttributes & LucideProps'.
  Property 'className' does not exist on type 'IntrinsicAttributes & LucideProps'.
app/(alumno)/perfil.tsx(141,78): error TS2322: Type '{ size: number; className: string; }' is not assignable to type 'IntrinsicAttributes & LucideProps'.
  Property 'className' does not exist on type 'IntrinsicAttributes & LucideProps'.
app/(alumno)/perfil.tsx(150,81): error TS2322: Type '{ size: number; className: string; }' is not assignable to type 'IntrinsicAttributes & LucideProps'.
  Property 'className' does not exist on type 'IntrinsicAttributes & LucideProps'.
app/(alumno)/perfil.tsx(152,74): error TS2322: Type '{ size: number; className: string; }' is not assignable to type 'IntrinsicAttributes & LucideProps'.
  Property 'className' does not exist on type 'IntrinsicAttributes & LucideProps'.
app/(alumno)/perfil.tsx(162,63): error TS2322: Type '{ size: number; className: string; }' is not assignable to type 'IntrinsicAttributes & LucideProps'.
  Property 'className' does not exist on type 'IntrinsicAttributes & LucideProps'.
app/(alumno)/proyecto/[id].tsx(20,41): error TS2322: Type '{ size: number; className: string; }' is not assignable to type 'IntrinsicAttributes & LucideProps'.
  Property 'className' does not exist on type 'IntrinsicAttributes & LucideProps'.
app/(alumno)/proyecto/[id].tsx(30,36): error TS2322: Type '{ size: number; className: string; }' is not assignable to type 'IntrinsicAttributes & LucideProps'.
  Property 'className' does not exist on type 'IntrinsicAttributes & LucideProps'.
app/(alumno)/proyecto/[id].tsx(40,41): error TS2322: Type '{ size: number; className: string; }' is not assignable to type 'IntrinsicAttributes & LucideProps'.
  Property 'className' does not exist on type 'IntrinsicAttributes & LucideProps'.
app/(alumno)/proyecto/[id].tsx(49,30): error TS2322: Type '{ size: number; className: string; }' is not assignable to type 'IntrinsicAttributes & LucideProps'.
  Property 'className' does not exist on type 'IntrinsicAttributes & LucideProps'.
app/(alumno)/proyecto/[id].tsx(103,39): error TS2322: Type '{ size: number; color: string; }' is not assignable to type 'IntrinsicAttributes & LucideProps'.
  Property 'color' does not exist on type 'IntrinsicAttributes & LucideProps'.
app/(alumno)/proyecto/[id].tsx(111,42): error TS2322: Type '{ size: number; color: string; }' is not assignable to type 'IntrinsicAttributes & LucideProps'.
  Property 'color' does not exist on type 'IntrinsicAttributes & LucideProps'.
app/(alumno)/proyecto/[id].tsx(144,54): error TS2322: Type '{ size: number; className: string; }' is not assignable to type 'IntrinsicAttributes & LucideProps'.
  Property 'className' does not exist on type 'IntrinsicAttributes & LucideProps'.
app/(alumno)/proyecto/[id].tsx(183,54): error TS2322: Type '{ size: number; className: string; }' is not assignable to type 'IntrinsicAttributes & LucideProps'.
  Property 'className' does not exist on type 'IntrinsicAttributes & LucideProps'.
app/(alumno)/proyecto/[id].tsx(191,61): error TS2322: Type '{ size: number; className: string; }' is not assignable to type 'IntrinsicAttributes & LucideProps'.
  Property 'className' does not exist on type 'IntrinsicAttributes & LucideProps'.
app/(alumno)/proyecto/[id].tsx(199,54): error TS2322: Type '{ size: number; className: string; }' is not assignable to type 'IntrinsicAttributes & LucideProps'.
  Property 'className' does not exist on type 'IntrinsicAttributes & LucideProps'.
app/(alumno)/proyecto/[id].tsx(207,61): error TS2322: Type '{ size: number; className: string; }' is not assignable to type 'IntrinsicAttributes & LucideProps'.
  Property 'className' does not exist on type 'IntrinsicAttributes & LucideProps'.
app/(alumno)/proyecto/[id].tsx(227,60): error TS2322: Type '{ size: number; className: string; }' is not assignable to type 'IntrinsicAttributes & LucideProps'.
  Property 'className' does not exist on type 'IntrinsicAttributes & LucideProps'.
app/(alumno)/proyecto/[id].tsx(233,58): error TS2322: Type '{ size: number; className: string; }' is not assignable to type 'IntrinsicAttributes & LucideProps'.
  Property 'className' does not exist on type 'IntrinsicAttributes & LucideProps'.
app/(alumno)/proyecto/[id].tsx(235,60): error TS2322: Type '{ size: number; className: string; }' is not assignable to type 'IntrinsicAttributes & LucideProps'.
  Property 'className' does not exist on type 'IntrinsicAttributes & LucideProps'.
app/(alumno)/proyecto/[id].tsx(256,49): error TS2322: Type '{ key: number; size: number; color: string; fill: string; }' is not assignable to type 'IntrinsicAttributes & LucideProps'.
  Property 'color' does not exist on type 'IntrinsicAttributes & LucideProps'.
app/(alumno)/proyecto/[id].tsx(282,52): error TS2322: Type '{ size: number; color: string; }' is not assignable to type 'IntrinsicAttributes & LucideProps'.
  Property 'color' does not exist on type 'IntrinsicAttributes & LucideProps'.
app/(alumno)/subir.tsx(193,42): error TS2322: Type '{ size: number; color: string; }' is not assignable to type 'IntrinsicAttributes & LucideProps'.
  Property 'color' does not exist on type 'IntrinsicAttributes & LucideProps'.
app/(alumno)/subir.tsx(220,50): error TS2322: Type '{ size: number; color: string; }' is not assignable to type 'IntrinsicAttributes & LucideProps'.
  Property 'color' does not exist on type 'IntrinsicAttributes & LucideProps'.
app/(alumno)/subir.tsx(283,62): error TS2322: Type '{ size: number; color: string; }' is not assignable to type 'IntrinsicAttributes & LucideProps'.
  Property 'color' does not exist on type 'IntrinsicAttributes & LucideProps'.
app/(alumno)/subir.tsx(292,53): error TS2322: Type '{ size: number; color: string; }' is not assignable to type 'IntrinsicAttributes & LucideProps'.
  Property 'color' does not exist on type 'IntrinsicAttributes & LucideProps'.
app/(alumno)/subir.tsx(301,54): error TS2322: Type '{ size: number; color: string; }' is not assignable to type 'IntrinsicAttributes & LucideProps'.
  Property 'color' does not exist on type 'IntrinsicAttributes & LucideProps'.
app/(alumno)/subir.tsx(310,58): error TS2322: Type '{ size: number; color: string; }' is not assignable to type 'IntrinsicAttributes & LucideProps'.
  Property 'color' does not exist on type 'IntrinsicAttributes & LucideProps'.
app/(alumno)/subir.tsx(327,54): error TS2322: Type '{ size: number; color: string; }' is not assignable to type 'IntrinsicAttributes & LucideProps'.
  Property 'color' does not exist on type 'IntrinsicAttributes & LucideProps'.
app/(alumno)/subir.tsx(362,71): error TS2322: Type '{ size: number; color: string; }' is not assignable to type 'IntrinsicAttributes & LucideProps'.
  Property 'color' does not exist on type 'IntrinsicAttributes & LucideProps'.
app/(alumno)/subir.tsx(371,57): error TS2322: Type '{ size: number; color: string; }' is not assignable to type 'IntrinsicAttributes & LucideProps'.
  Property 'color' does not exist on type 'IntrinsicAttributes & LucideProps'.
app/(alumno)/subir.tsx(380,58): error TS2322: Type '{ size: number; color: string; }' is not assignable to type 'IntrinsicAttributes & LucideProps'.
  Property 'color' does not exist on type 'IntrinsicAttributes & LucideProps'.
app/(alumno)/subir.tsx(406,76): error TS2322: Type '{ size: number; color: string; }' is not assignable to type 'IntrinsicAttributes & LucideProps'.
  Property 'color' does not exist on type 'IntrinsicAttributes & LucideProps'.
app/(alumno)/subir.tsx(414,71): error TS2322: Type '{ size: number; color: string; }' is not assignable to type 'IntrinsicAttributes & LucideProps'.
  Property 'color' does not exist on type 'IntrinsicAttributes & LucideProps'.
app/(alumno)/subir.tsx(423,57): error TS2322: Type '{ size: number; color: string; }' is not assignable to type 'IntrinsicAttributes & LucideProps'.
  Property 'color' does not exist on type 'IntrinsicAttributes & LucideProps'.
app/(alumno)/subir.tsx(432,57): error TS2322: Type '{ size: number; color: string; }' is not assignable to type 'IntrinsicAttributes & LucideProps'.
  Property 'color' does not exist on type 'IntrinsicAttributes & LucideProps'.
app/(alumno)/subir.tsx(458,76): error TS2322: Type '{ size: number; color: string; }' is not assignable to type 'IntrinsicAttributes & LucideProps'.
  Property 'color' does not exist on type 'IntrinsicAttributes & LucideProps'.
app/(alumno)/subir.tsx(466,71): error TS2322: Type '{ size: number; color: string; }' is not assignable to type 'IntrinsicAttributes & LucideProps'.
  Property 'color' does not exist on type 'IntrinsicAttributes & LucideProps'.
app/(alumno)/subir.tsx(475,57): error TS2322: Type '{ size: number; color: string; }' is not assignable to type 'IntrinsicAttributes & LucideProps'.
  Property 'color' does not exist on type 'IntrinsicAttributes & LucideProps'.
app/(alumno)/subir.tsx(484,61): error TS2322: Type '{ size: number; color: string; }' is not assignable to type 'IntrinsicAttributes & LucideProps'.
  Property 'color' does not exist on type 'IntrinsicAttributes & LucideProps'.
app/(auth)/login.tsx(70,39): error TS2322: Type '{ className: string; size: number; }' is not assignable to type 'IntrinsicAttributes & LucideProps'.
  Property 'className' does not exist on type 'IntrinsicAttributes & LucideProps'.
app/(auth)/login.tsx(85,39): error TS2322: Type '{ className: string; size: number; }' is not assignable to type 'IntrinsicAttributes & LucideProps'.
  Property 'className' does not exist on type 'IntrinsicAttributes & LucideProps'.
app/(auth)/login.tsx(100,45): error TS2322: Type '{ className: string; size: number; }' is not assignable to type 'IntrinsicAttributes & LucideProps'.
  Property 'className' does not exist on type 'IntrinsicAttributes & LucideProps'.
app/(auth)/login.tsx(102,42): error TS2322: Type '{ className: string; size: number; }' is not assignable to type 'IntrinsicAttributes & LucideProps'.
  Property 'className' does not exist on type 'IntrinsicAttributes & LucideProps'.
app/(auth)/register.tsx(89,46): error TS2322: Type '{ size: number; color: string; opacity: number; }' is not assignable to type 'IntrinsicAttributes & LucideProps'.
  Property 'color' does not exist on type 'IntrinsicAttributes & LucideProps'.
app/(auth)/register.tsx(116,37): error TS2322: Type '{ size: number; color: string; }' is not assignable to type 'IntrinsicAttributes & LucideProps'.
  Property 'color' does not exist on type 'IntrinsicAttributes & LucideProps'.
app/(auth)/register.tsx(134,37): error TS2322: Type '{ size: number; color: string; }' is not assignable to type 'IntrinsicAttributes & LucideProps'.
  Property 'color' does not exist on type 'IntrinsicAttributes & LucideProps'.
app/(auth)/register.tsx(149,39): error TS2322: Type '{ className: string; size: number; }' is not assignable to type 'IntrinsicAttributes & LucideProps'.
  Property 'className' does not exist on type 'IntrinsicAttributes & LucideProps'.
app/(auth)/register.tsx(162,39): error TS2322: Type '{ className: string; size: number; }' is not assignable to type 'IntrinsicAttributes & LucideProps'.
  Property 'className' does not exist on type 'IntrinsicAttributes & LucideProps'.
app/(auth)/register.tsx(177,39): error TS2322: Type '{ className: string; size: number; }' is not assignable to type 'IntrinsicAttributes & LucideProps'.
  Property 'className' does not exist on type 'IntrinsicAttributes & LucideProps'.
app/(auth)/register.tsx(192,45): error TS2322: Type '{ className: string; size: number; }' is not assignable to type 'IntrinsicAttributes & LucideProps'.
  Property 'className' does not exist on type 'IntrinsicAttributes & LucideProps'.
app/(auth)/register.tsx(194,42): error TS2322: Type '{ className: string; size: number; }' is not assignable to type 'IntrinsicAttributes & LucideProps'.
  Property 'className' does not exist on type 'IntrinsicAttributes & LucideProps'.
app/(auth)/register.tsx(201,39): error TS2322: Type '{ className: string; size: number; }' is not assignable to type 'IntrinsicAttributes & LucideProps'.
  Property 'className' does not exist on type 'IntrinsicAttributes & LucideProps'.
app/(auth)/register.tsx(249,57): error TS2322: Type '{ size: number; color: string; }' is not assignable to type 'IntrinsicAttributes & LucideProps'.
  Property 'color' does not exist on type 'IntrinsicAttributes & LucideProps'.
app/(docente)/_layout.tsx(29,73): error TS2322: Type '{ size: number; color: string; }' is not assignable to type 'IntrinsicAttributes & LucideProps'.
  Property 'color' does not exist on type 'IntrinsicAttributes & LucideProps'.
app/(docente)/_layout.tsx(36,64): error TS2322: Type '{ size: number; color: string; }' is not assignable to type 'IntrinsicAttributes & LucideProps'.
  Property 'color' does not exist on type 'IntrinsicAttributes & LucideProps'.
app/(docente)/evaluar/[id].tsx(95,42): error TS2322: Type '{ size: number; color: string; }' is not assignable to type 'IntrinsicAttributes & LucideProps'.
  Property 'color' does not exist on type 'IntrinsicAttributes & LucideProps'.
app/(docente)/evaluar/[id].tsx(159,54): error TS2322: Type '{ size: number; color: string; }' is not assignable to type 'IntrinsicAttributes & LucideProps'.
  Property 'color' does not exist on type 'IntrinsicAttributes & LucideProps'.
app/(docente)/evaluar/[id].tsx(161,61): error TS2322: Type '{ size: number; color: string; }' is not assignable to type 'IntrinsicAttributes & LucideProps'.
  Property 'color' does not exist on type 'IntrinsicAttributes & LucideProps'.
app/(docente)/evaluar/[id].tsx(173,54): error TS2322: Type '{ size: number; color: string; }' is not assignable to type 'IntrinsicAttributes & LucideProps'.
  Property 'color' does not exist on type 'IntrinsicAttributes & LucideProps'.
app/(docente)/evaluar/[id].tsx(175,61): error TS2322: Type '{ size: number; color: string; }' is not assignable to type 'IntrinsicAttributes & LucideProps'.
  Property 'color' does not exist on type 'IntrinsicAttributes & LucideProps'.
app/(docente)/evaluar/[id].tsx(187,45): error TS2322: Type '{ size: number; color: string; fill: string; }' is not assignable to type 'IntrinsicAttributes & LucideProps'.
  Property 'color' does not exist on type 'IntrinsicAttributes & LucideProps'.
app/(docente)/evaluar/[id].tsx(209,41): error TS2322: Type '{ size: number; color: string; fill: string; strokeWidth: number; }' is not assignable to type 'IntrinsicAttributes & LucideProps'.
  Property 'color' does not exist on type 'IntrinsicAttributes & LucideProps'.
app/(docente)/evaluar/[id].tsx(277,53): error TS2322: Type '{ size: number; color: string; }' is not assignable to type 'IntrinsicAttributes & LucideProps'.
  Property 'color' does not exist on type 'IntrinsicAttributes & LucideProps'.
app/(docente)/home.tsx(76,58): error TS2322: Type '{ size: number; color: string; }' is not assignable to type 'IntrinsicAttributes & LucideProps'.
  Property 'color' does not exist on type 'IntrinsicAttributes & LucideProps'.
app/(docente)/home.tsx(136,54): error TS2322: Type '{ size: number; color: string; }' is not assignable to type 'IntrinsicAttributes & LucideProps'.
  Property 'color' does not exist on type 'IntrinsicAttributes & LucideProps'.
app/(docente)/home.tsx(144,49): error TS2322: Type '{ size: number; color: string; }' is not assignable to type 'IntrinsicAttributes & LucideProps'.
  Property 'color' does not exist on type 'IntrinsicAttributes & LucideProps'.
app/(docente)/perfil.tsx(77,47): error TS2322: Type '{ size: number; color: string; }' is not assignable to type 'IntrinsicAttributes & LucideProps'.
  Property 'color' does not exist on type 'IntrinsicAttributes & LucideProps'.
app/(docente)/perfil.tsx(98,53): error TS2322: Type '{ size: number; color: string; }' is not assignable to type 'IntrinsicAttributes & LucideProps'.
  Property 'color' does not exist on type 'IntrinsicAttributes & LucideProps'.
components/ui/project-card.tsx(43,40): error TS2322: Type '{ className: string; size: number; }' is not assignable to type 'IntrinsicAttributes & LucideProps'.
  Property 'className' does not exist on type 'IntrinsicAttributes & LucideProps'.
